2021-01-17 00:24:06,234 - instabot version: 0.117.0 (bot) - INFO - Instabot version: 0.117.0 Started
2021-01-17 00:24:06,234 - instabot version: 0.117.0 (bot) - DEBUG - Bot imported from C:\Users\cumas\PycharmProjects\kiwiiapp\venv\lib\site-packages\instabot\bot\bot.py
2021-01-17 00:24:06,234 - instabot version: 0.117.0 (api_login) - DEBUG - Loading cookies
2021-01-17 00:24:06,234 - instabot version: 0.117.0 (api_login) - DEBUG - Loading uuids
2021-01-17 00:24:06,234 - instabot version: 0.117.0 (api_login) - INFO - Recovery from C:\Users\cumas\PycharmProjects\kiwiiapp/config/nocontextamal_uuid_and_cookie.json: COOKIE True - UUIDs True - TIMING, DEVICE and ...
- user-agent=Instagram 117.0.0.28.123 Android (28/9.0; 420dpi; 1080x1920; OnePlus; ONEPLUS A3003; OnePlus3; qcom; en_US; 180322800)
- phone_id=eedcd280-57f3-4d43-ad17-d944a7a6d683
- uuid=2029d401-0e71-4a19-b85f-73f07c21ba05
- client_session_id=a5f19e6b-1b70-41cd-a106-506304c09dd0
- device_id=android-e48590f00b466ada
2021-01-17 00:24:06,234 - instabot version: 0.117.0 (api_login) - INFO - LOGIN FLOW! Just logged-in: False
2021-01-17 00:24:07,869 - instabot version: 0.117.0 (api) - DEBUG - POST to endpoint: feed/timeline/ returned response: <Response [200]>
2021-01-17 00:24:08,566 - instabot version: 0.117.0 (api) - DEBUG - POST to endpoint: feed/reels_tray/ returned response: <Response [200]>
2021-01-17 00:24:08,566 - instabot version: 0.117.0 (api) - INFO - Logged-in successfully as 'nocontextamal'!
2021-01-17 00:24:08,566 - instabot version: 0.117.0 (bot_checkpoint) - DEBUG - Loading Checkpoint file from: C:\Users\cumas\PycharmProjects\kiwiiapp/config/nocontextamal.checkpoint
2021-01-17 00:24:28,840 - instabot version: 0.117.0 (api) - DEBUG - POST to endpoint: media/configure/? returned response: <Response [200]>
2021-01-17 00:24:29,106 - instabot version: 0.117.0 (api) - DEBUG - POST to endpoint: qe/expose/ returned response: <Response [200]>
2021-01-17 00:24:29,106 - instabot version: 0.117.0 (bot_photo) - INFO - Photo 'C:\Users\cumas\PycharmProjects\kiwiiapp\patternjpg.jpg' is uploaded.
2021-01-17 00:24:29,106 - instabot version: 0.117.0 (bot_checkpoint) - DEBUG - Saving Checkpoint file to: C:\Users\cumas\PycharmProjects\kiwiiapp/config/nocontextamal.checkpoint
2021-01-17 00:24:29,106 - instabot version: 0.117.0 (bot) - INFO - Total requests: 37
